# JRE version: Java(TM) SE Runtime Environment (8.0_281-b09) (build 1.8.0_281-b09)
# Java VM: Java HotSpot(TM) 64-Bit Server VM (25.281-b09 mixed mode windows-amd64 compressed oops)
Heap:
 PSYoungGen      total 38912K, used 8054K [0x00000000fab00000, 0x00000000fef80000, 0x0000000100000000)
  eden space 29696K, 16% used [0x00000000fab00000,0x00000000fafc4cf8,0x00000000fc800000)
  from space 9216K, 34% used [0x00000000fe680000,0x00000000fe998ea0,0x00000000fef80000)
  to   space 8704K, 0% used [0x00000000fc800000,0x00000000fc800000,0x00000000fd080000)
 ParOldGen       total 52224K, used 5488K [0x00000000f0000000, 0x00000000f3300000, 0x00000000fab00000)
  object space 52224K, 10% used [0x00000000f0000000,0x00000000f055c160,0x00000000f3300000)
 Metaspace       used 24893K, capacity 26228K, committed 26288K, reserved 1071104K
  class space    used 3698K, capacity 3958K, committed 4016K, reserved 1048576K
GC Heap History (10 events):
Event: 8.349 GC heap after
Heap after GC invocations=4 (full 0):
 PSYoungGen      total 38400K, used 5110K [0x00000000fab00000, 0x00000000fd580000, 0x0000000100000000)
  eden space 33280K, 0% used [0x00000000fab00000,0x00000000fab00000,0x00000000fcb80000)
  from space 5120K, 99% used [0x00000000fd080000,0x00000000fd57db48,0x00000000fd580000)
  to   space 5120K, 0% used [0x00000000fcb80000,0x00000000fcb80000,0x00000000fd080000)
 ParOldGen       total 87552K, used 4782K [0x00000000f0000000, 0x00000000f5580000, 0x00000000fab00000)
  object space 87552K, 5% used [0x00000000f0000000,0x00000000f04ab938,0x00000000f5580000)
 Metaspace       used 19215K, capacity 20290K, committed 20480K, reserved 1067008K
  class space    used 2774K, capacity 3001K, committed 3072K, reserved 1048576K
}
Event: 8.654 GC heap before
{Heap before GC invocations=5 (full 0):
 PSYoungGen      total 38400K, used 15229K [0x00000000fab00000, 0x00000000fd580000, 0x0000000100000000)
  eden space 33280K, 30% used [0x00000000fab00000,0x00000000fb4e1ca0,0x00000000fcb80000)
  from space 5120K, 99% used [0x00000000fd080000,0x00000000fd57db48,0x00000000fd580000)
  to   space 5120K, 0% used [0x00000000fcb80000,0x00000000fcb80000,0x00000000fd080000)
 ParOldGen       total 87552K, used 4782K [0x00000000f0000000, 0x00000000f5580000, 0x00000000fab00000)
  object space 87552K, 5% used [0x00000000f0000000,0x00000000f04ab938,0x00000000f5580000)
 Metaspace       used 20210K, capacity 21286K, committed 21296K, reserved 1067008K
  class space    used 2888K, capacity 3113K, committed 3120K, reserved 1048576K
Event: 8.661 GC heap after
Heap after GC invocations=5 (full 0):
 PSYoungGen      total 38400K, used 5110K [0x00000000fab00000, 0x00000000fd580000, 0x0000000100000000)
  eden space 33280K, 0% used [0x00000000fab00000,0x00000000fab00000,0x00000000fcb80000)
  from space 5120K, 99% used [0x00000000fcb80000,0x00000000fd07db48,0x00000000fd080000)
  to   space 5120K, 0% used [0x00000000fd080000,0x00000000fd080000,0x00000000fd580000)
 ParOldGen       total 87552K, used 5242K [0x00000000f0000000, 0x00000000f5580000, 0x00000000fab00000)
  object space 87552K, 5% used [0x00000000f0000000,0x00000000f051eac0,0x00000000f5580000)
 Metaspace       used 20210K, capacity 21286K, committed 21296K, reserved 1067008K
  class space    used 2888K, capacity 3113K, committed 3120K, reserved 1048576K
}
Event: 8.661 GC heap before
{Heap before GC invocations=6 (full 1):
 PSYoungGen      total 38400K, used 5110K [0x00000000fab00000, 0x00000000fd580000, 0x0000000100000000)
  eden space 33280K, 0% used [0x00000000fab00000,0x00000000fab00000,0x00000000fcb80000)
  from space 5120K, 99% used [0x00000000fcb80000,0x00000000fd07db48,0x00000000fd080000)
  to   space 5120K, 0% used [0x00000000fd080000,0x00000000fd080000,0x00000000fd580000)
 ParOldGen       total 87552K, used 5242K [0x00000000f0000000, 0x00000000f5580000, 0x00000000fab00000)
  object space 87552K, 5% used [0x00000000f0000000,0x00000000f051eac0,0x00000000f5580000)
 Metaspace       used 20210K, capacity 21286K, committed 21296K, reserved 1067008K
  class space    used 2888K, capacity 3113K, committed 3120K, reserved 1048576K
Event: 8.702 GC heap after
Heap after GC invocations=6 (full 1):
 PSYoungGen      total 38400K, used 0K [0x00000000fab00000, 0x00000000fd580000, 0x0000000100000000)
  eden space 33280K, 0% used [0x00000000fab00000,0x00000000fab00000,0x00000000fcb80000)
  from space 5120K, 0% used [0x00000000fcb80000,0x00000000fcb80000,0x00000000fd080000)
  to   space 5120K, 0% used [0x00000000fd080000,0x00000000fd080000,0x00000000fd580000)
 ParOldGen       total 52224K, used 5472K [0x00000000f0000000, 0x00000000f3300000, 0x00000000fab00000)
  object space 52224K, 10% used [0x00000000f0000000,0x00000000f0558160,0x00000000f3300000)
 Metaspace       used 20209K, capacity 21284K, committed 21296K, reserved 1067008K
  class space    used 2888K, capacity 3112K, committed 3120K, reserved 1048576K
}
Event: 8.968 GC heap before
{Heap before GC invocations=7 (full 1):
 PSYoungGen      total 38400K, used 33280K [0x00000000fab00000, 0x00000000fd580000, 0x0000000100000000)
  eden space 33280K, 100% used [0x00000000fab00000,0x00000000fcb80000,0x00000000fcb80000)
  from space 5120K, 0% used [0x00000000fcb80000,0x00000000fcb80000,0x00000000fd080000)
  to   space 5120K, 0% used [0x00000000fd080000,0x00000000fd080000,0x00000000fd580000)
 ParOldGen       total 52224K, used 5472K [0x00000000f0000000, 0x00000000f3300000, 0x00000000fab00000)
  object space 52224K, 10% used [0x00000000f0000000,0x00000000f0558160,0x00000000f3300000)
 Metaspace       used 21825K, capacity 23048K, committed 23216K, reserved 1069056K
  class space    used 3169K, capacity 3409K, committed 3504K, reserved 1048576K
Event: 8.971 GC heap after
Heap after GC invocations=7 (full 1):
 PSYoungGen      total 34816K, used 2103K [0x00000000fab00000, 0x00000000ff300000, 0x0000000100000000)
  eden space 29696K, 0% used [0x00000000fab00000,0x00000000fab00000,0x00000000fc800000)
  from space 5120K, 41% used [0x00000000fd080000,0x00000000fd28de08,0x00000000fd580000)
  to   space 8704K, 0% used [0x00000000fc800000,0x00000000fc800000,0x00000000fd080000)
 ParOldGen       total 52224K, used 5480K [0x00000000f0000000, 0x00000000f3300000, 0x00000000fab00000)
  object space 52224K, 10% used [0x00000000f0000000,0x00000000f055a160,0x00000000f3300000)
 Metaspace       used 21825K, capacity 23048K, committed 23216K, reserved 1069056K
  class space    used 3169K, capacity 3409K, committed 3504K, reserved 1048576K
}
Event: 9.252 GC heap before
{Heap before GC invocations=8 (full 1):
 PSYoungGen      total 34816K, used 31799K [0x00000000fab00000, 0x00000000ff300000, 0x0000000100000000)
  eden space 29696K, 100% used [0x00000000fab00000,0x00000000fc800000,0x00000000fc800000)
  from space 5120K, 41% used [0x00000000fd080000,0x00000000fd28de08,0x00000000fd580000)
  to   space 8704K, 0% used [0x00000000fc800000,0x00000000fc800000,0x00000000fd080000)
 ParOldGen       total 52224K, used 5480K [0x00000000f0000000, 0x00000000f3300000, 0x00000000fab00000)
  object space 52224K, 10% used [0x00000000f0000000,0x00000000f055a160,0x00000000f3300000)
 Metaspace       used 23086K, capacity 24350K, committed 24496K, reserved 1071104K
  class space    used 3411K, capacity 3685K, committed 3760K, reserved 1048576K
Event: 9.259 GC heap after
Heap after GC invocations=8 (full 1):
 PSYoungGen      total 38400K, used 1990K [0x00000000fab00000, 0x00000000fef80000, 0x0000000100000000)
  eden space 29696K, 0% used [0x00000000fab00000,0x00000000fab00000,0x00000000fc800000)
  from space 8704K, 22% used [0x00000000fc800000,0x00000000fc9f1bd8,0x00000000fd080000)
  to   space 9216K, 0% used [0x00000000fe680000,0x00000000fe680000,0x00000000fef80000)
 ParOldGen       total 52224K, used 5488K [0x00000000f0000000, 0x00000000f3300000, 0x00000000fab00000)
  object space 52224K, 10% used [0x00000000f0000000,0x00000000f055c160,0x00000000f3300000)
 Metaspace       used 23086K, capacity 24350K, committed 24496K, reserved 1071104K
  class space    used 3411K, capacity 3685K, committed 3760K, reserved 1048576K
}
Event: 9.591 GC heap before
{Heap before GC invocations=9 (full 1):
 PSYoungGen      total 38400K, used 31686K [0x00000000fab00000, 0x00000000fef80000, 0x0000000100000000)
  eden space 29696K, 100% used [0x00000000fab00000,0x00000000fc800000,0x00000000fc800000)
  from space 8704K, 22% used [0x00000000fc800000,0x00000000fc9f1bd8,0x00000000fd080000)
  to   space 9216K, 0% used [0x00000000fe680000,0x00000000fe680000,0x00000000fef80000)
 ParOldGen       total 52224K, used 5488K [0x00000000f0000000, 0x00000000f3300000, 0x00000000fab00000)
  object space 52224K, 10% used [0x00000000f0000000,0x00000000f055c160,0x00000000f3300000)
 Metaspace       used 24561K, capacity 25888K, committed 26032K, reserved 1071104K
  class space    used 3664K, capacity 3954K, committed 4016K, reserved 1048576K

